2020-03-17 08:35:11.644  INFO 91644 --- [main] c.s.h.i.d.a.EmployeeResourceTest         : Starting EmployeeResourceTest on C02VD7P0HTD6.local with PID 91644 (started by harsmand in /Users/harsmand/Desktop/MyWork/SpringBootH2/spring-boot-project-with-h2-db)
2020-03-17 08:35:11.648 DEBUG 91644 --- [main] c.s.h.i.d.a.EmployeeResourceTest         : Running with Spring Boot v2.1.8.RELEASE, Spring v5.1.9.RELEASE
2020-03-17 08:35:11.648  INFO 91644 --- [main] c.s.h.i.d.a.EmployeeResourceTest         : No active profile set, falling back to default profiles: default
2020-03-17 08:35:12.454  INFO 91644 --- [main] .s.d.r.c.RepositoryConfigurationDelegate : Bootstrapping Spring Data repositories in DEFAULT mode.
2020-03-17 08:35:12.525  INFO 91644 --- [main] .s.d.r.c.RepositoryConfigurationDelegate : Finished Spring Data repository scanning in 61ms. Found 1 repository interfaces.
2020-03-17 08:35:12.875  INFO 91644 --- [main] trationDelegate$BeanPostProcessorChecker : Bean 'org.springframework.transaction.annotation.ProxyTransactionManagementConfiguration' of type [org.springframework.transaction.annotation.ProxyTransactionManagementConfiguration$$EnhancerBySpringCGLIB$$7ac18b4] is not eligible for getting processed by all BeanPostProcessors (for example: not eligible for auto-proxying)
2020-03-17 08:35:13.100  INFO 91644 --- [main] com.zaxxer.hikari.HikariDataSource       : HikariPool-1 - Starting...
2020-03-17 08:35:13.289  INFO 91644 --- [main] com.zaxxer.hikari.HikariDataSource       : HikariPool-1 - Start completed.
2020-03-17 08:35:13.404  INFO 91644 --- [main] o.hibernate.jpa.internal.util.LogHelper  : HHH000204: Processing PersistenceUnitInfo [
	name: default
	...]
2020-03-17 08:35:13.460  INFO 91644 --- [main] org.hibernate.Version                    : HHH000412: Hibernate Core {5.3.11.Final}
2020-03-17 08:35:13.462  INFO 91644 --- [main] org.hibernate.cfg.Environment            : HHH000206: hibernate.properties not found
2020-03-17 08:35:13.587  INFO 91644 --- [main] o.hibernate.annotations.common.Version   : HCANN000001: Hibernate Commons Annotations {5.0.4.Final}
2020-03-17 08:35:13.722  INFO 91644 --- [main] org.hibernate.dialect.Dialect            : HHH000400: Using dialect: org.hibernate.dialect.H2Dialect
2020-03-17 08:35:14.353  INFO 91644 --- [main] j.LocalContainerEntityManagerFactoryBean : Initialized JPA EntityManagerFactory for persistence unit 'default'
2020-03-17 08:35:15.085  WARN 91644 --- [main] aWebConfiguration$JpaWebMvcConfiguration : spring.jpa.open-in-view is enabled by default. Therefore, database queries may be performed during view rendering. Explicitly configure spring.jpa.open-in-view to disable this warning
2020-03-17 08:35:15.360  INFO 91644 --- [main] pertySourcedRequestMappingHandlerMapping : Mapped URL path [/v2/api-docs] onto method [public org.springframework.http.ResponseEntity<springfox.documentation.spring.web.json.Json> springfox.documentation.swagger2.web.Swagger2Controller.getDocumentation(java.lang.String,javax.servlet.http.HttpServletRequest)]
2020-03-17 08:35:15.722  INFO 91644 --- [main] o.s.s.concurrent.ThreadPoolTaskExecutor  : Initializing ExecutorService 'applicationTaskExecutor'
2020-03-17 08:35:16.075  INFO 91644 --- [main] d.s.w.p.DocumentationPluginsBootstrapper : Context refreshed
2020-03-17 08:35:16.122  INFO 91644 --- [main] d.s.w.p.DocumentationPluginsBootstrapper : Found 1 custom documentation plugin(s)
2020-03-17 08:35:16.164  INFO 91644 --- [main] s.d.s.w.s.ApiListingReferenceScanner     : Scanning for api listing references
2020-03-17 08:35:16.442  INFO 91644 --- [main] c.s.h.i.d.a.EmployeeResourceTest         : Started EmployeeResourceTest in 5.07 seconds (JVM running for 5.729)
2020-03-17 08:35:16.477  INFO 91644 --- [main] o.s.t.c.transaction.TransactionContext   : Began transaction (1) for test context [DefaultTestContext@32eff876 testClass = EmployeeResourceTest, testInstance = com.springboot.h2.inmemory.db.application.EmployeeResourceTest@47d9c01, testMethod = testCreateEmployee@EmployeeResourceTest, testException = [null], mergedContextConfiguration = [WebMergedContextConfiguration@8dbdac1 testClass = EmployeeResourceTest, locations = '{}', classes = '{class com.springboot.h2.inmemory.db.application.SpringApplication, class com.springboot.h2.inmemory.db.application.SpringApplication}', contextInitializerClasses = '[]', activeProfiles = '{}', propertySourceLocations = '{}', propertySourceProperties = '{org.springframework.boot.test.context.SpringBootTestContextBootstrapper=true}', contextCustomizers = set[org.springframework.boot.test.context.filter.ExcludeFilterContextCustomizer@4a87761d, org.springframework.boot.test.json.DuplicateJsonObjectContextCustomizerFactory$DuplicateJsonObjectContextCustomizer@37374a5e, org.springframework.boot.test.mock.mockito.MockitoContextCustomizer@0, org.springframework.boot.test.web.client.TestRestTemplateContextCustomizer@2a70a3d8, org.springframework.boot.test.autoconfigure.properties.PropertyMappingContextCustomizer@0, org.springframework.boot.test.autoconfigure.web.servlet.WebDriverContextCustomizerFactory$Customizer@704d6e83], resourceBasePath = 'src/main/webapp', contextLoader = 'org.springframework.boot.test.context.SpringBootContextLoader', parent = [null]], attributes = map['org.springframework.test.context.web.ServletTestExecutionListener.activateListener' -> true, 'org.springframework.test.context.web.ServletTestExecutionListener.populatedRequestContextHolder' -> true, 'org.springframework.test.context.web.ServletTestExecutionListener.resetRequestContextHolder' -> true]]; transaction manager [org.springframework.orm.jpa.JpaTransactionManager@5c79c5ec]; rollback [true]
2020-03-17 08:35:16.575  INFO 91644 --- [main] o.s.mock.web.MockServletContext          : Initializing Spring TestDispatcherServlet ''
2020-03-17 08:35:16.575  INFO 91644 --- [main] o.s.t.web.servlet.TestDispatcherServlet  : Initializing Servlet ''
2020-03-17 08:35:16.576  INFO 91644 --- [main] o.s.t.web.servlet.TestDispatcherServlet  : Completed initialization in 1 ms
2020-03-17 08:35:16.627  INFO 91644 --- [main] o.h.h.i.QueryTranslatorFactoryInitiator  : HHH000397: Using ASTQueryTranslatorFactory
2020-03-17 08:35:16.894 DEBUG 91644 --- [main] c.s.h.i.d.a.controller.EmployeeResource  : createOrUpdateEmployee method started Employee{id=0, firstName='Herald', lastName='Johnson', email='herald.johnson@gmail.com'}
2020-03-17 08:35:16.900 DEBUG 91644 --- [main] c.s.h.i.d.a.s.impl.EmployeeServiceImpl   : createOrUpdateEmployee method started Employee{id=0, firstName='Herald', lastName='Johnson', email='herald.johnson@gmail.com'}
2020-03-17 08:35:16.910 DEBUG 91644 --- [main] c.s.h.i.d.a.s.impl.EmployeeServiceImpl   : save the record
2020-03-17 08:35:17.051  INFO 91644 --- [main] o.s.t.c.transaction.TransactionContext   : Rolled back transaction for test: [DefaultTestContext@32eff876 testClass = EmployeeResourceTest, testInstance = com.springboot.h2.inmemory.db.application.EmployeeResourceTest@47d9c01, testMethod = testCreateEmployee@EmployeeResourceTest, testException = [null], mergedContextConfiguration = [WebMergedContextConfiguration@8dbdac1 testClass = EmployeeResourceTest, locations = '{}', classes = '{class com.springboot.h2.inmemory.db.application.SpringApplication, class com.springboot.h2.inmemory.db.application.SpringApplication}', contextInitializerClasses = '[]', activeProfiles = '{}', propertySourceLocations = '{}', propertySourceProperties = '{org.springframework.boot.test.context.SpringBootTestContextBootstrapper=true}', contextCustomizers = set[org.springframework.boot.test.context.filter.ExcludeFilterContextCustomizer@4a87761d, org.springframework.boot.test.json.DuplicateJsonObjectContextCustomizerFactory$DuplicateJsonObjectContextCustomizer@37374a5e, org.springframework.boot.test.mock.mockito.MockitoContextCustomizer@0, org.springframework.boot.test.web.client.TestRestTemplateContextCustomizer@2a70a3d8, org.springframework.boot.test.autoconfigure.properties.PropertyMappingContextCustomizer@0, org.springframework.boot.test.autoconfigure.web.servlet.WebDriverContextCustomizerFactory$Customizer@704d6e83], resourceBasePath = 'src/main/webapp', contextLoader = 'org.springframework.boot.test.context.SpringBootContextLoader', parent = [null]], attributes = map['org.springframework.test.context.web.ServletTestExecutionListener.activateListener' -> true, 'org.springframework.test.context.web.ServletTestExecutionListener.populatedRequestContextHolder' -> true, 'org.springframework.test.context.web.ServletTestExecutionListener.resetRequestContextHolder' -> true]]
2020-03-17 08:35:17.054  INFO 91644 --- [main] o.s.t.c.transaction.TransactionContext   : Began transaction (1) for test context [DefaultTestContext@32eff876 testClass = EmployeeResourceTest, testInstance = com.springboot.h2.inmemory.db.application.EmployeeResourceTest@18f4086e, testMethod = testDeleteEmployee@EmployeeResourceTest, testException = [null], mergedContextConfiguration = [WebMergedContextConfiguration@8dbdac1 testClass = EmployeeResourceTest, locations = '{}', classes = '{class com.springboot.h2.inmemory.db.application.SpringApplication, class com.springboot.h2.inmemory.db.application.SpringApplication}', contextInitializerClasses = '[]', activeProfiles = '{}', propertySourceLocations = '{}', propertySourceProperties = '{org.springframework.boot.test.context.SpringBootTestContextBootstrapper=true}', contextCustomizers = set[org.springframework.boot.test.context.filter.ExcludeFilterContextCustomizer@4a87761d, org.springframework.boot.test.json.DuplicateJsonObjectContextCustomizerFactory$DuplicateJsonObjectContextCustomizer@37374a5e, org.springframework.boot.test.mock.mockito.MockitoContextCustomizer@0, org.springframework.boot.test.web.client.TestRestTemplateContextCustomizer@2a70a3d8, org.springframework.boot.test.autoconfigure.properties.PropertyMappingContextCustomizer@0, org.springframework.boot.test.autoconfigure.web.servlet.WebDriverContextCustomizerFactory$Customizer@704d6e83], resourceBasePath = 'src/main/webapp', contextLoader = 'org.springframework.boot.test.context.SpringBootContextLoader', parent = [null]], attributes = map['org.springframework.test.context.web.ServletTestExecutionListener.activateListener' -> true, 'org.springframework.test.context.web.ServletTestExecutionListener.populatedRequestContextHolder' -> true, 'org.springframework.test.context.web.ServletTestExecutionListener.resetRequestContextHolder' -> true]]; transaction manager [org.springframework.orm.jpa.JpaTransactionManager@5c79c5ec]; rollback [true]
2020-03-17 08:35:17.072  INFO 91644 --- [main] o.s.mock.web.MockServletContext          : Initializing Spring TestDispatcherServlet ''
2020-03-17 08:35:17.072  INFO 91644 --- [main] o.s.t.web.servlet.TestDispatcherServlet  : Initializing Servlet ''
2020-03-17 08:35:17.072  INFO 91644 --- [main] o.s.t.web.servlet.TestDispatcherServlet  : Completed initialization in 0 ms
2020-03-17 08:35:17.079 DEBUG 91644 --- [main] c.s.h.i.d.a.controller.EmployeeResource  : deleteEmployeeById method started 51
2020-03-17 08:35:17.080 DEBUG 91644 --- [main] c.s.h.i.d.a.s.impl.EmployeeServiceImpl   : deleteEmployeeById method started 51
2020-03-17 08:35:17.103  INFO 91644 --- [main] o.s.t.c.transaction.TransactionContext   : Rolled back transaction for test: [DefaultTestContext@32eff876 testClass = EmployeeResourceTest, testInstance = com.springboot.h2.inmemory.db.application.EmployeeResourceTest@18f4086e, testMethod = testDeleteEmployee@EmployeeResourceTest, testException = [null], mergedContextConfiguration = [WebMergedContextConfiguration@8dbdac1 testClass = EmployeeResourceTest, locations = '{}', classes = '{class com.springboot.h2.inmemory.db.application.SpringApplication, class com.springboot.h2.inmemory.db.application.SpringApplication}', contextInitializerClasses = '[]', activeProfiles = '{}', propertySourceLocations = '{}', propertySourceProperties = '{org.springframework.boot.test.context.SpringBootTestContextBootstrapper=true}', contextCustomizers = set[org.springframework.boot.test.context.filter.ExcludeFilterContextCustomizer@4a87761d, org.springframework.boot.test.json.DuplicateJsonObjectContextCustomizerFactory$DuplicateJsonObjectContextCustomizer@37374a5e, org.springframework.boot.test.mock.mockito.MockitoContextCustomizer@0, org.springframework.boot.test.web.client.TestRestTemplateContextCustomizer@2a70a3d8, org.springframework.boot.test.autoconfigure.properties.PropertyMappingContextCustomizer@0, org.springframework.boot.test.autoconfigure.web.servlet.WebDriverContextCustomizerFactory$Customizer@704d6e83], resourceBasePath = 'src/main/webapp', contextLoader = 'org.springframework.boot.test.context.SpringBootContextLoader', parent = [null]], attributes = map['org.springframework.test.context.web.ServletTestExecutionListener.activateListener' -> true, 'org.springframework.test.context.web.ServletTestExecutionListener.populatedRequestContextHolder' -> true, 'org.springframework.test.context.web.ServletTestExecutionListener.resetRequestContextHolder' -> true]]
2020-03-17 08:35:17.105  INFO 91644 --- [main] o.s.t.c.transaction.TransactionContext   : Began transaction (1) for test context [DefaultTestContext@32eff876 testClass = EmployeeResourceTest, testInstance = com.springboot.h2.inmemory.db.application.EmployeeResourceTest@7c8b37a8, testMethod = testGetEmployee@EmployeeResourceTest, testException = [null], mergedContextConfiguration = [WebMergedContextConfiguration@8dbdac1 testClass = EmployeeResourceTest, locations = '{}', classes = '{class com.springboot.h2.inmemory.db.application.SpringApplication, class com.springboot.h2.inmemory.db.application.SpringApplication}', contextInitializerClasses = '[]', activeProfiles = '{}', propertySourceLocations = '{}', propertySourceProperties = '{org.springframework.boot.test.context.SpringBootTestContextBootstrapper=true}', contextCustomizers = set[org.springframework.boot.test.context.filter.ExcludeFilterContextCustomizer@4a87761d, org.springframework.boot.test.json.DuplicateJsonObjectContextCustomizerFactory$DuplicateJsonObjectContextCustomizer@37374a5e, org.springframework.boot.test.mock.mockito.MockitoContextCustomizer@0, org.springframework.boot.test.web.client.TestRestTemplateContextCustomizer@2a70a3d8, org.springframework.boot.test.autoconfigure.properties.PropertyMappingContextCustomizer@0, org.springframework.boot.test.autoconfigure.web.servlet.WebDriverContextCustomizerFactory$Customizer@704d6e83], resourceBasePath = 'src/main/webapp', contextLoader = 'org.springframework.boot.test.context.SpringBootContextLoader', parent = [null]], attributes = map['org.springframework.test.context.web.ServletTestExecutionListener.activateListener' -> true, 'org.springframework.test.context.web.ServletTestExecutionListener.populatedRequestContextHolder' -> true, 'org.springframework.test.context.web.ServletTestExecutionListener.resetRequestContextHolder' -> true]]; transaction manager [org.springframework.orm.jpa.JpaTransactionManager@5c79c5ec]; rollback [true]
2020-03-17 08:35:17.116  INFO 91644 --- [main] o.s.mock.web.MockServletContext          : Initializing Spring TestDispatcherServlet ''
2020-03-17 08:35:17.117  INFO 91644 --- [main] o.s.t.web.servlet.TestDispatcherServlet  : Initializing Servlet ''
2020-03-17 08:35:17.117  INFO 91644 --- [main] o.s.t.web.servlet.TestDispatcherServlet  : Completed initialization in 0 ms
2020-03-17 08:35:17.120 DEBUG 91644 --- [main] c.s.h.i.d.a.controller.EmployeeResource  : getEmployeeById method started 52
2020-03-17 08:35:17.121 DEBUG 91644 --- [main] c.s.h.i.d.a.s.impl.EmployeeServiceImpl   : getEmployeeById method started 52
2020-03-17 08:35:17.144  INFO 91644 --- [main] o.s.t.c.transaction.TransactionContext   : Rolled back transaction for test: [DefaultTestContext@32eff876 testClass = EmployeeResourceTest, testInstance = com.springboot.h2.inmemory.db.application.EmployeeResourceTest@7c8b37a8, testMethod = testGetEmployee@EmployeeResourceTest, testException = [null], mergedContextConfiguration = [WebMergedContextConfiguration@8dbdac1 testClass = EmployeeResourceTest, locations = '{}', classes = '{class com.springboot.h2.inmemory.db.application.SpringApplication, class com.springboot.h2.inmemory.db.application.SpringApplication}', contextInitializerClasses = '[]', activeProfiles = '{}', propertySourceLocations = '{}', propertySourceProperties = '{org.springframework.boot.test.context.SpringBootTestContextBootstrapper=true}', contextCustomizers = set[org.springframework.boot.test.context.filter.ExcludeFilterContextCustomizer@4a87761d, org.springframework.boot.test.json.DuplicateJsonObjectContextCustomizerFactory$DuplicateJsonObjectContextCustomizer@37374a5e, org.springframework.boot.test.mock.mockito.MockitoContextCustomizer@0, org.springframework.boot.test.web.client.TestRestTemplateContextCustomizer@2a70a3d8, org.springframework.boot.test.autoconfigure.properties.PropertyMappingContextCustomizer@0, org.springframework.boot.test.autoconfigure.web.servlet.WebDriverContextCustomizerFactory$Customizer@704d6e83], resourceBasePath = 'src/main/webapp', contextLoader = 'org.springframework.boot.test.context.SpringBootContextLoader', parent = [null]], attributes = map['org.springframework.test.context.web.ServletTestExecutionListener.activateListener' -> true, 'org.springframework.test.context.web.ServletTestExecutionListener.populatedRequestContextHolder' -> true, 'org.springframework.test.context.web.ServletTestExecutionListener.resetRequestContextHolder' -> true]]
2020-03-17 08:35:17.227  INFO 91644 --- [Thread-4] o.s.s.concurrent.ThreadPoolTaskExecutor  : Shutting down ExecutorService 'applicationTaskExecutor'
2020-03-17 08:35:17.231  INFO 91644 --- [Thread-4] j.LocalContainerEntityManagerFactoryBean : Closing JPA EntityManagerFactory for persistence unit 'default'
2020-03-17 08:35:17.235  INFO 91644 --- [Thread-4] com.zaxxer.hikari.HikariDataSource       : HikariPool-1 - Shutdown initiated...
2020-03-17 08:35:17.237  INFO 91644 --- [Thread-4] com.zaxxer.hikari.HikariDataSource       : HikariPool-1 - Shutdown completed.
2020-03-17 08:35:26.598  INFO 91702 --- [main] c.s.h.i.d.application.SpringApplication  : Starting SpringApplication v0.0.1 on C02VD7P0HTD6.local with PID 91702 (/Users/harsmand/Desktop/MyWork/SpringBootH2/spring-boot-project-with-h2-db/target/spring-boot-project-with-h2-db-0.0.1.jar started by harsmand in /Users/harsmand/Desktop/MyWork/SpringBootH2/spring-boot-project-with-h2-db)
2020-03-17 08:35:26.601 DEBUG 91702 --- [main] c.s.h.i.d.application.SpringApplication  : Running with Spring Boot v2.1.8.RELEASE, Spring v5.1.9.RELEASE
2020-03-17 08:35:26.601  INFO 91702 --- [main] c.s.h.i.d.application.SpringApplication  : No active profile set, falling back to default profiles: default
2020-03-17 08:35:27.538  INFO 91702 --- [main] .s.d.r.c.RepositoryConfigurationDelegate : Bootstrapping Spring Data repositories in DEFAULT mode.
2020-03-17 08:35:27.609  INFO 91702 --- [main] .s.d.r.c.RepositoryConfigurationDelegate : Finished Spring Data repository scanning in 60ms. Found 1 repository interfaces.
2020-03-17 08:35:27.957  INFO 91702 --- [main] trationDelegate$BeanPostProcessorChecker : Bean 'org.springframework.transaction.annotation.ProxyTransactionManagementConfiguration' of type [org.springframework.transaction.annotation.ProxyTransactionManagementConfiguration$$EnhancerBySpringCGLIB$$a921f14f] is not eligible for getting processed by all BeanPostProcessors (for example: not eligible for auto-proxying)
2020-03-17 08:35:28.217  INFO 91702 --- [main] org.eclipse.jetty.util.log               : Logging initialized @2482ms to org.eclipse.jetty.util.log.Slf4jLog
2020-03-17 08:35:28.309  INFO 91702 --- [main] o.s.b.w.e.j.JettyServletWebServerFactory : Server initialized with port: 2500
2020-03-17 08:35:28.312  INFO 91702 --- [main] org.eclipse.jetty.server.Server          : jetty-9.4.19.v20190610; built: 2019-06-10T16:30:51.723Z; git: afcf563148970e98786327af5e07c261fda175d3; jvm 1.8.0_232-b09
2020-03-17 08:35:28.362  INFO 91702 --- [main] o.e.j.s.h.ContextHandler.application     : Initializing Spring embedded WebApplicationContext
2020-03-17 08:35:28.362  INFO 91702 --- [main] o.s.web.context.ContextLoader            : Root WebApplicationContext: initialization completed in 1698 ms
2020-03-17 08:35:28.705  INFO 91702 --- [main] org.eclipse.jetty.server.session         : DefaultSessionIdManager workerName=node0
2020-03-17 08:35:28.705  INFO 91702 --- [main] org.eclipse.jetty.server.session         : No SessionScavenger set, using defaults
2020-03-17 08:35:28.707  INFO 91702 --- [main] org.eclipse.jetty.server.session         : node0 Scavenging every 660000ms
2020-03-17 08:35:28.724  INFO 91702 --- [main] o.e.jetty.server.handler.ContextHandler  : Started o.s.b.w.e.j.JettyEmbeddedWebAppContext@10163d6{application,/,[file:///private/var/folders/hk/zfh6hgh50vjflwsrwtw2x30r0000gn/T/jetty-docbase.7519017177728239465.2500/, jar:file:/Users/harsmand/Desktop/MyWork/SpringBootH2/spring-boot-project-with-h2-db/target/spring-boot-project-with-h2-db-0.0.1.jar!/BOOT-INF/lib/springfox-swagger-ui-2.9.2.jar!/META-INF/resources],AVAILABLE}
2020-03-17 08:35:28.725  INFO 91702 --- [main] org.eclipse.jetty.server.Server          : Started @2990ms
2020-03-17 08:35:29.085  INFO 91702 --- [main] com.zaxxer.hikari.HikariDataSource       : HikariPool-1 - Starting...
2020-03-17 08:35:29.381  INFO 91702 --- [main] com.zaxxer.hikari.HikariDataSource       : HikariPool-1 - Start completed.
2020-03-17 08:35:29.437  INFO 91702 --- [main] o.hibernate.jpa.internal.util.LogHelper  : HHH000204: Processing PersistenceUnitInfo [
	name: default
	...]
2020-03-17 08:35:29.518  INFO 91702 --- [main] org.hibernate.Version                    : HHH000412: Hibernate Core {5.3.11.Final}
2020-03-17 08:35:29.520  INFO 91702 --- [main] org.hibernate.cfg.Environment            : HHH000206: hibernate.properties not found
2020-03-17 08:35:29.683  INFO 91702 --- [main] o.hibernate.annotations.common.Version   : HCANN000001: Hibernate Commons Annotations {5.0.4.Final}
2020-03-17 08:35:29.890  INFO 91702 --- [main] org.hibernate.dialect.Dialect            : HHH000400: Using dialect: org.hibernate.dialect.H2Dialect
2020-03-17 08:35:30.524  INFO 91702 --- [main] j.LocalContainerEntityManagerFactoryBean : Initialized JPA EntityManagerFactory for persistence unit 'default'
2020-03-17 08:35:31.160  WARN 91702 --- [main] aWebConfiguration$JpaWebMvcConfiguration : spring.jpa.open-in-view is enabled by default. Therefore, database queries may be performed during view rendering. Explicitly configure spring.jpa.open-in-view to disable this warning
2020-03-17 08:35:31.330  INFO 91702 --- [main] pertySourcedRequestMappingHandlerMapping : Mapped URL path [/v2/api-docs] onto method [public org.springframework.http.ResponseEntity<springfox.documentation.spring.web.json.Json> springfox.documentation.swagger2.web.Swagger2Controller.getDocumentation(java.lang.String,javax.servlet.http.HttpServletRequest)]
2020-03-17 08:35:31.492  INFO 91702 --- [main] o.s.s.concurrent.ThreadPoolTaskExecutor  : Initializing ExecutorService 'applicationTaskExecutor'
2020-03-17 08:35:31.960  INFO 91702 --- [main] d.s.w.p.DocumentationPluginsBootstrapper : Context refreshed
2020-03-17 08:35:31.988  INFO 91702 --- [main] d.s.w.p.DocumentationPluginsBootstrapper : Found 1 custom documentation plugin(s)
2020-03-17 08:35:32.026  INFO 91702 --- [main] s.d.s.w.s.ApiListingReferenceScanner     : Scanning for api listing references
2020-03-17 08:35:32.217  INFO 91702 --- [main] o.e.j.s.h.ContextHandler.application     : Initializing Spring DispatcherServlet 'dispatcherServlet'
2020-03-17 08:35:32.217  INFO 91702 --- [main] o.s.web.servlet.DispatcherServlet        : Initializing Servlet 'dispatcherServlet'
2020-03-17 08:35:32.225  INFO 91702 --- [main] o.s.web.servlet.DispatcherServlet        : Completed initialization in 7 ms
2020-03-17 08:35:32.270  INFO 91702 --- [main] o.e.jetty.server.AbstractConnector       : Started ServerConnector@3cc1435c{HTTP/1.1,[http/1.1]}{0.0.0.0:2500}
2020-03-17 08:35:32.273  INFO 91702 --- [main] o.s.b.web.embedded.jetty.JettyWebServer  : Jetty started on port(s) 2500 (http/1.1) with context path '/'
2020-03-17 08:35:32.275  INFO 91702 --- [main] c.s.h.i.d.application.SpringApplication  : Started SpringApplication in 6.079 seconds (JVM running for 6.54)
2020-03-17 08:35:32.277 DEBUG 91702 --- [main] c.s.h.i.d.application.SpringApplication  : main method ended
2020-03-17 08:41:53.098  INFO 91702 --- [Thread-12] o.s.s.concurrent.ThreadPoolTaskExecutor  : Shutting down ExecutorService 'applicationTaskExecutor'
2020-03-17 08:41:53.101  INFO 91702 --- [Thread-12] j.LocalContainerEntityManagerFactoryBean : Closing JPA EntityManagerFactory for persistence unit 'default'
2020-03-17 08:41:53.104  INFO 91702 --- [Thread-12] com.zaxxer.hikari.HikariDataSource       : HikariPool-1 - Shutdown initiated...
2020-03-17 08:41:53.107  INFO 91702 --- [Thread-12] com.zaxxer.hikari.HikariDataSource       : HikariPool-1 - Shutdown completed.
2020-03-17 08:41:53.114  INFO 91702 --- [Thread-12] o.e.jetty.server.AbstractConnector       : Stopped ServerConnector@3cc1435c{HTTP/1.1,[http/1.1]}{0.0.0.0:2500}
2020-03-17 08:41:53.114  INFO 91702 --- [Thread-12] org.eclipse.jetty.server.session         : node0 Stopped scavenging
2020-03-17 08:41:53.117  INFO 91702 --- [Thread-12] o.e.j.s.h.ContextHandler.application     : Destroying Spring FrameworkServlet 'dispatcherServlet'
2020-03-17 08:41:53.117  INFO 91702 --- [Thread-12] o.e.jetty.server.handler.ContextHandler  : Stopped o.s.b.w.e.j.JettyEmbeddedWebAppContext@10163d6{application,/,[file:///private/var/folders/hk/zfh6hgh50vjflwsrwtw2x30r0000gn/T/jetty-docbase.7519017177728239465.2500/, jar:file:/Users/harsmand/Desktop/MyWork/SpringBootH2/spring-boot-project-with-h2-db/target/spring-boot-project-with-h2-db-0.0.1.jar!/BOOT-INF/lib/springfox-swagger-ui-2.9.2.jar!/META-INF/resources],UNAVAILABLE}
2020-03-17 08:42:50.497  INFO 91950 --- [main] c.s.h.i.d.a.EmployeeResourceTest         : Starting EmployeeResourceTest on C02VD7P0HTD6.local with PID 91950 (started by harsmand in /Users/harsmand/Desktop/MyWork/SpringBootH2/spring-boot-project-with-h2-db)
2020-03-17 08:42:50.498 DEBUG 91950 --- [main] c.s.h.i.d.a.EmployeeResourceTest         : Running with Spring Boot v2.1.8.RELEASE, Spring v5.1.9.RELEASE
2020-03-17 08:42:50.499  INFO 91950 --- [main] c.s.h.i.d.a.EmployeeResourceTest         : No active profile set, falling back to default profiles: default
2020-03-17 08:42:51.320  INFO 91950 --- [main] .s.d.r.c.RepositoryConfigurationDelegate : Bootstrapping Spring Data repositories in DEFAULT mode.
2020-03-17 08:42:51.387  INFO 91950 --- [main] .s.d.r.c.RepositoryConfigurationDelegate : Finished Spring Data repository scanning in 58ms. Found 1 repository interfaces.
2020-03-17 08:42:51.779  INFO 91950 --- [main] trationDelegate$BeanPostProcessorChecker : Bean 'org.springframework.transaction.annotation.ProxyTransactionManagementConfiguration' of type [org.springframework.transaction.annotation.ProxyTransactionManagementConfiguration$$EnhancerBySpringCGLIB$$c908fb41] is not eligible for getting processed by all BeanPostProcessors (for example: not eligible for auto-proxying)
2020-03-17 08:42:52.005  INFO 91950 --- [main] com.zaxxer.hikari.HikariDataSource       : HikariPool-1 - Starting...
2020-03-17 08:42:52.203  INFO 91950 --- [main] com.zaxxer.hikari.HikariDataSource       : HikariPool-1 - Start completed.
2020-03-17 08:42:52.314  INFO 91950 --- [main] o.hibernate.jpa.internal.util.LogHelper  : HHH000204: Processing PersistenceUnitInfo [
	name: default
	...]
2020-03-17 08:42:52.369  INFO 91950 --- [main] org.hibernate.Version                    : HHH000412: Hibernate Core {5.3.11.Final}
2020-03-17 08:42:52.370  INFO 91950 --- [main] org.hibernate.cfg.Environment            : HHH000206: hibernate.properties not found
2020-03-17 08:42:52.476  INFO 91950 --- [main] o.hibernate.annotations.common.Version   : HCANN000001: Hibernate Commons Annotations {5.0.4.Final}
2020-03-17 08:42:52.584  INFO 91950 --- [main] org.hibernate.dialect.Dialect            : HHH000400: Using dialect: org.hibernate.dialect.H2Dialect
2020-03-17 08:42:53.171  INFO 91950 --- [main] j.LocalContainerEntityManagerFactoryBean : Initialized JPA EntityManagerFactory for persistence unit 'default'
2020-03-17 08:42:53.805  WARN 91950 --- [main] aWebConfiguration$JpaWebMvcConfiguration : spring.jpa.open-in-view is enabled by default. Therefore, database queries may be performed during view rendering. Explicitly configure spring.jpa.open-in-view to disable this warning
2020-03-17 08:42:54.084  INFO 91950 --- [main] pertySourcedRequestMappingHandlerMapping : Mapped URL path [/v2/api-docs] onto method [public org.springframework.http.ResponseEntity<springfox.documentation.spring.web.json.Json> springfox.documentation.swagger2.web.Swagger2Controller.getDocumentation(java.lang.String,javax.servlet.http.HttpServletRequest)]
2020-03-17 08:42:54.483  INFO 91950 --- [main] o.s.s.concurrent.ThreadPoolTaskExecutor  : Initializing ExecutorService 'applicationTaskExecutor'
2020-03-17 08:42:54.866  INFO 91950 --- [main] d.s.w.p.DocumentationPluginsBootstrapper : Context refreshed
2020-03-17 08:42:54.896  INFO 91950 --- [main] d.s.w.p.DocumentationPluginsBootstrapper : Found 1 custom documentation plugin(s)
2020-03-17 08:42:54.940  INFO 91950 --- [main] s.d.s.w.s.ApiListingReferenceScanner     : Scanning for api listing references
2020-03-17 08:42:55.286  INFO 91950 --- [main] c.s.h.i.d.a.EmployeeResourceTest         : Started EmployeeResourceTest in 5.076 seconds (JVM running for 5.93)
2020-03-17 08:42:55.318  INFO 91950 --- [main] o.s.t.c.transaction.TransactionContext   : Began transaction (1) for test context [DefaultTestContext@32eff876 testClass = EmployeeResourceTest, testInstance = com.springboot.h2.inmemory.db.application.EmployeeResourceTest@56402642, testMethod = testCreateEmployee@EmployeeResourceTest, testException = [null], mergedContextConfiguration = [WebMergedContextConfiguration@8dbdac1 testClass = EmployeeResourceTest, locations = '{}', classes = '{class com.springboot.h2.inmemory.db.application.SpringApplication, class com.springboot.h2.inmemory.db.application.SpringApplication}', contextInitializerClasses = '[]', activeProfiles = '{}', propertySourceLocations = '{}', propertySourceProperties = '{org.springframework.boot.test.context.SpringBootTestContextBootstrapper=true}', contextCustomizers = set[org.springframework.boot.test.context.filter.ExcludeFilterContextCustomizer@4a87761d, org.springframework.boot.test.json.DuplicateJsonObjectContextCustomizerFactory$DuplicateJsonObjectContextCustomizer@37374a5e, org.springframework.boot.test.mock.mockito.MockitoContextCustomizer@0, org.springframework.boot.test.web.client.TestRestTemplateContextCustomizer@2a70a3d8, org.springframework.boot.test.autoconfigure.properties.PropertyMappingContextCustomizer@0, org.springframework.boot.test.autoconfigure.web.servlet.WebDriverContextCustomizerFactory$Customizer@704d6e83], resourceBasePath = 'src/main/webapp', contextLoader = 'org.springframework.boot.test.context.SpringBootContextLoader', parent = [null]], attributes = map['org.springframework.test.context.web.ServletTestExecutionListener.activateListener' -> true, 'org.springframework.test.context.web.ServletTestExecutionListener.populatedRequestContextHolder' -> true, 'org.springframework.test.context.web.ServletTestExecutionListener.resetRequestContextHolder' -> true]]; transaction manager [org.springframework.orm.jpa.JpaTransactionManager@54d60fa1]; rollback [true]
2020-03-17 08:42:55.403  INFO 91950 --- [main] o.s.mock.web.MockServletContext          : Initializing Spring TestDispatcherServlet ''
2020-03-17 08:42:55.403  INFO 91950 --- [main] o.s.t.web.servlet.TestDispatcherServlet  : Initializing Servlet ''
2020-03-17 08:42:55.404  INFO 91950 --- [main] o.s.t.web.servlet.TestDispatcherServlet  : Completed initialization in 1 ms
2020-03-17 08:42:55.448  INFO 91950 --- [main] o.h.h.i.QueryTranslatorFactoryInitiator  : HHH000397: Using ASTQueryTranslatorFactory
2020-03-17 08:42:55.669 DEBUG 91950 --- [main] c.s.h.i.d.a.controller.EmployeeResource  : createOrUpdateEmployee method started Employee{id=0, firstName='Herald', lastName='Johnson', email='herald.johnson@gmail.com'}
2020-03-17 08:42:55.679 DEBUG 91950 --- [main] c.s.h.i.d.a.s.impl.EmployeeServiceImpl   : createOrUpdateEmployee method started Employee{id=0, firstName='Herald', lastName='Johnson', email='herald.johnson@gmail.com'}
2020-03-17 08:42:55.686 DEBUG 91950 --- [main] c.s.h.i.d.a.s.impl.EmployeeServiceImpl   : save the record
2020-03-17 08:42:55.776  INFO 91950 --- [main] o.s.t.c.transaction.TransactionContext   : Rolled back transaction for test: [DefaultTestContext@32eff876 testClass = EmployeeResourceTest, testInstance = com.springboot.h2.inmemory.db.application.EmployeeResourceTest@56402642, testMethod = testCreateEmployee@EmployeeResourceTest, testException = [null], mergedContextConfiguration = [WebMergedContextConfiguration@8dbdac1 testClass = EmployeeResourceTest, locations = '{}', classes = '{class com.springboot.h2.inmemory.db.application.SpringApplication, class com.springboot.h2.inmemory.db.application.SpringApplication}', contextInitializerClasses = '[]', activeProfiles = '{}', propertySourceLocations = '{}', propertySourceProperties = '{org.springframework.boot.test.context.SpringBootTestContextBootstrapper=true}', contextCustomizers = set[org.springframework.boot.test.context.filter.ExcludeFilterContextCustomizer@4a87761d, org.springframework.boot.test.json.DuplicateJsonObjectContextCustomizerFactory$DuplicateJsonObjectContextCustomizer@37374a5e, org.springframework.boot.test.mock.mockito.MockitoContextCustomizer@0, org.springframework.boot.test.web.client.TestRestTemplateContextCustomizer@2a70a3d8, org.springframework.boot.test.autoconfigure.properties.PropertyMappingContextCustomizer@0, org.springframework.boot.test.autoconfigure.web.servlet.WebDriverContextCustomizerFactory$Customizer@704d6e83], resourceBasePath = 'src/main/webapp', contextLoader = 'org.springframework.boot.test.context.SpringBootContextLoader', parent = [null]], attributes = map['org.springframework.test.context.web.ServletTestExecutionListener.activateListener' -> true, 'org.springframework.test.context.web.ServletTestExecutionListener.populatedRequestContextHolder' -> true, 'org.springframework.test.context.web.ServletTestExecutionListener.resetRequestContextHolder' -> true]]
2020-03-17 08:42:55.779  INFO 91950 --- [main] o.s.t.c.transaction.TransactionContext   : Began transaction (1) for test context [DefaultTestContext@32eff876 testClass = EmployeeResourceTest, testInstance = com.springboot.h2.inmemory.db.application.EmployeeResourceTest@53fc870f, testMethod = testDeleteEmployee@EmployeeResourceTest, testException = [null], mergedContextConfiguration = [WebMergedContextConfiguration@8dbdac1 testClass = EmployeeResourceTest, locations = '{}', classes = '{class com.springboot.h2.inmemory.db.application.SpringApplication, class com.springboot.h2.inmemory.db.application.SpringApplication}', contextInitializerClasses = '[]', activeProfiles = '{}', propertySourceLocations = '{}', propertySourceProperties = '{org.springframework.boot.test.context.SpringBootTestContextBootstrapper=true}', contextCustomizers = set[org.springframework.boot.test.context.filter.ExcludeFilterContextCustomizer@4a87761d, org.springframework.boot.test.json.DuplicateJsonObjectContextCustomizerFactory$DuplicateJsonObjectContextCustomizer@37374a5e, org.springframework.boot.test.mock.mockito.MockitoContextCustomizer@0, org.springframework.boot.test.web.client.TestRestTemplateContextCustomizer@2a70a3d8, org.springframework.boot.test.autoconfigure.properties.PropertyMappingContextCustomizer@0, org.springframework.boot.test.autoconfigure.web.servlet.WebDriverContextCustomizerFactory$Customizer@704d6e83], resourceBasePath = 'src/main/webapp', contextLoader = 'org.springframework.boot.test.context.SpringBootContextLoader', parent = [null]], attributes = map['org.springframework.test.context.web.ServletTestExecutionListener.activateListener' -> true, 'org.springframework.test.context.web.ServletTestExecutionListener.populatedRequestContextHolder' -> true, 'org.springframework.test.context.web.ServletTestExecutionListener.resetRequestContextHolder' -> true]]; transaction manager [org.springframework.orm.jpa.JpaTransactionManager@54d60fa1]; rollback [true]
2020-03-17 08:42:55.790  INFO 91950 --- [main] o.s.mock.web.MockServletContext          : Initializing Spring TestDispatcherServlet ''
2020-03-17 08:42:55.791  INFO 91950 --- [main] o.s.t.web.servlet.TestDispatcherServlet  : Initializing Servlet ''
2020-03-17 08:42:55.791  INFO 91950 --- [main] o.s.t.web.servlet.TestDispatcherServlet  : Completed initialization in 0 ms
2020-03-17 08:42:55.798 DEBUG 91950 --- [main] c.s.h.i.d.a.controller.EmployeeResource  : deleteEmployeeById method started 54
2020-03-17 08:42:55.799 DEBUG 91950 --- [main] c.s.h.i.d.a.s.impl.EmployeeServiceImpl   : deleteEmployeeById method started 54
2020-03-17 08:42:55.815  INFO 91950 --- [main] o.s.t.c.transaction.TransactionContext   : Rolled back transaction for test: [DefaultTestContext@32eff876 testClass = EmployeeResourceTest, testInstance = com.springboot.h2.inmemory.db.application.EmployeeResourceTest@53fc870f, testMethod = testDeleteEmployee@EmployeeResourceTest, testException = [null], mergedContextConfiguration = [WebMergedContextConfiguration@8dbdac1 testClass = EmployeeResourceTest, locations = '{}', classes = '{class com.springboot.h2.inmemory.db.application.SpringApplication, class com.springboot.h2.inmemory.db.application.SpringApplication}', contextInitializerClasses = '[]', activeProfiles = '{}', propertySourceLocations = '{}', propertySourceProperties = '{org.springframework.boot.test.context.SpringBootTestContextBootstrapper=true}', contextCustomizers = set[org.springframework.boot.test.context.filter.ExcludeFilterContextCustomizer@4a87761d, org.springframework.boot.test.json.DuplicateJsonObjectContextCustomizerFactory$DuplicateJsonObjectContextCustomizer@37374a5e, org.springframework.boot.test.mock.mockito.MockitoContextCustomizer@0, org.springframework.boot.test.web.client.TestRestTemplateContextCustomizer@2a70a3d8, org.springframework.boot.test.autoconfigure.properties.PropertyMappingContextCustomizer@0, org.springframework.boot.test.autoconfigure.web.servlet.WebDriverContextCustomizerFactory$Customizer@704d6e83], resourceBasePath = 'src/main/webapp', contextLoader = 'org.springframework.boot.test.context.SpringBootContextLoader', parent = [null]], attributes = map['org.springframework.test.context.web.ServletTestExecutionListener.activateListener' -> true, 'org.springframework.test.context.web.ServletTestExecutionListener.populatedRequestContextHolder' -> true, 'org.springframework.test.context.web.ServletTestExecutionListener.resetRequestContextHolder' -> true]]
2020-03-17 08:42:55.817  INFO 91950 --- [main] o.s.t.c.transaction.TransactionContext   : Began transaction (1) for test context [DefaultTestContext@32eff876 testClass = EmployeeResourceTest, testInstance = com.springboot.h2.inmemory.db.application.EmployeeResourceTest@26feccf7, testMethod = testGetEmployee@EmployeeResourceTest, testException = [null], mergedContextConfiguration = [WebMergedContextConfiguration@8dbdac1 testClass = EmployeeResourceTest, locations = '{}', classes = '{class com.springboot.h2.inmemory.db.application.SpringApplication, class com.springboot.h2.inmemory.db.application.SpringApplication}', contextInitializerClasses = '[]', activeProfiles = '{}', propertySourceLocations = '{}', propertySourceProperties = '{org.springframework.boot.test.context.SpringBootTestContextBootstrapper=true}', contextCustomizers = set[org.springframework.boot.test.context.filter.ExcludeFilterContextCustomizer@4a87761d, org.springframework.boot.test.json.DuplicateJsonObjectContextCustomizerFactory$DuplicateJsonObjectContextCustomizer@37374a5e, org.springframework.boot.test.mock.mockito.MockitoContextCustomizer@0, org.springframework.boot.test.web.client.TestRestTemplateContextCustomizer@2a70a3d8, org.springframework.boot.test.autoconfigure.properties.PropertyMappingContextCustomizer@0, org.springframework.boot.test.autoconfigure.web.servlet.WebDriverContextCustomizerFactory$Customizer@704d6e83], resourceBasePath = 'src/main/webapp', contextLoader = 'org.springframework.boot.test.context.SpringBootContextLoader', parent = [null]], attributes = map['org.springframework.test.context.web.ServletTestExecutionListener.activateListener' -> true, 'org.springframework.test.context.web.ServletTestExecutionListener.populatedRequestContextHolder' -> true, 'org.springframework.test.context.web.ServletTestExecutionListener.resetRequestContextHolder' -> true]]; transaction manager [org.springframework.orm.jpa.JpaTransactionManager@54d60fa1]; rollback [true]
2020-03-17 08:42:55.830  INFO 91950 --- [main] o.s.mock.web.MockServletContext          : Initializing Spring TestDispatcherServlet ''
2020-03-17 08:42:55.830  INFO 91950 --- [main] o.s.t.web.servlet.TestDispatcherServlet  : Initializing Servlet ''
2020-03-17 08:42:55.830  INFO 91950 --- [main] o.s.t.web.servlet.TestDispatcherServlet  : Completed initialization in 0 ms
2020-03-17 08:42:55.834 DEBUG 91950 --- [main] c.s.h.i.d.a.controller.EmployeeResource  : getEmployeeById method started 55
2020-03-17 08:42:55.834 DEBUG 91950 --- [main] c.s.h.i.d.a.s.impl.EmployeeServiceImpl   : getEmployeeById method started 55
2020-03-17 08:42:55.859  INFO 91950 --- [main] o.s.t.c.transaction.TransactionContext   : Rolled back transaction for test: [DefaultTestContext@32eff876 testClass = EmployeeResourceTest, testInstance = com.springboot.h2.inmemory.db.application.EmployeeResourceTest@26feccf7, testMethod = testGetEmployee@EmployeeResourceTest, testException = [null], mergedContextConfiguration = [WebMergedContextConfiguration@8dbdac1 testClass = EmployeeResourceTest, locations = '{}', classes = '{class com.springboot.h2.inmemory.db.application.SpringApplication, class com.springboot.h2.inmemory.db.application.SpringApplication}', contextInitializerClasses = '[]', activeProfiles = '{}', propertySourceLocations = '{}', propertySourceProperties = '{org.springframework.boot.test.context.SpringBootTestContextBootstrapper=true}', contextCustomizers = set[org.springframework.boot.test.context.filter.ExcludeFilterContextCustomizer@4a87761d, org.springframework.boot.test.json.DuplicateJsonObjectContextCustomizerFactory$DuplicateJsonObjectContextCustomizer@37374a5e, org.springframework.boot.test.mock.mockito.MockitoContextCustomizer@0, org.springframework.boot.test.web.client.TestRestTemplateContextCustomizer@2a70a3d8, org.springframework.boot.test.autoconfigure.properties.PropertyMappingContextCustomizer@0, org.springframework.boot.test.autoconfigure.web.servlet.WebDriverContextCustomizerFactory$Customizer@704d6e83], resourceBasePath = 'src/main/webapp', contextLoader = 'org.springframework.boot.test.context.SpringBootContextLoader', parent = [null]], attributes = map['org.springframework.test.context.web.ServletTestExecutionListener.activateListener' -> true, 'org.springframework.test.context.web.ServletTestExecutionListener.populatedRequestContextHolder' -> true, 'org.springframework.test.context.web.ServletTestExecutionListener.resetRequestContextHolder' -> true]]
2020-03-17 08:42:55.890  INFO 91950 --- [Thread-4] o.s.s.concurrent.ThreadPoolTaskExecutor  : Shutting down ExecutorService 'applicationTaskExecutor'
2020-03-17 08:42:55.894  INFO 91950 --- [Thread-4] j.LocalContainerEntityManagerFactoryBean : Closing JPA EntityManagerFactory for persistence unit 'default'
2020-03-17 08:42:55.897  INFO 91950 --- [Thread-4] com.zaxxer.hikari.HikariDataSource       : HikariPool-1 - Shutdown initiated...
2020-03-17 08:42:55.899  INFO 91950 --- [Thread-4] com.zaxxer.hikari.HikariDataSource       : HikariPool-1 - Shutdown completed.
2020-03-17 08:43:01.737  INFO 92006 --- [main] c.s.h.i.d.application.SpringApplication  : Starting SpringApplication v0.0.1 on C02VD7P0HTD6.local with PID 92006 (/Users/harsmand/Desktop/MyWork/SpringBootH2/spring-boot-project-with-h2-db/target/spring-boot-project-with-h2-db-0.0.1.jar started by harsmand in /Users/harsmand/Desktop/MyWork/SpringBootH2/spring-boot-project-with-h2-db)
2020-03-17 08:43:01.738 DEBUG 92006 --- [main] c.s.h.i.d.application.SpringApplication  : Running with Spring Boot v2.1.8.RELEASE, Spring v5.1.9.RELEASE
2020-03-17 08:43:01.738  INFO 92006 --- [main] c.s.h.i.d.application.SpringApplication  : No active profile set, falling back to default profiles: default
2020-03-17 08:43:02.659  INFO 92006 --- [main] .s.d.r.c.RepositoryConfigurationDelegate : Bootstrapping Spring Data repositories in DEFAULT mode.
2020-03-17 08:43:02.737  INFO 92006 --- [main] .s.d.r.c.RepositoryConfigurationDelegate : Finished Spring Data repository scanning in 66ms. Found 1 repository interfaces.
2020-03-17 08:43:03.055  INFO 92006 --- [main] trationDelegate$BeanPostProcessorChecker : Bean 'org.springframework.transaction.annotation.ProxyTransactionManagementConfiguration' of type [org.springframework.transaction.annotation.ProxyTransactionManagementConfiguration$$EnhancerBySpringCGLIB$$3a10ae48] is not eligible for getting processed by all BeanPostProcessors (for example: not eligible for auto-proxying)
2020-03-17 08:43:03.243  INFO 92006 --- [main] org.eclipse.jetty.util.log               : Logging initialized @2351ms to org.eclipse.jetty.util.log.Slf4jLog
2020-03-17 08:43:03.329  INFO 92006 --- [main] o.s.b.w.e.j.JettyServletWebServerFactory : Server initialized with port: 2500
2020-03-17 08:43:03.333  INFO 92006 --- [main] org.eclipse.jetty.server.Server          : jetty-9.4.19.v20190610; built: 2019-06-10T16:30:51.723Z; git: afcf563148970e98786327af5e07c261fda175d3; jvm 1.8.0_232-b09
2020-03-17 08:43:03.402  INFO 92006 --- [main] o.e.j.s.h.ContextHandler.application     : Initializing Spring embedded WebApplicationContext
2020-03-17 08:43:03.402  INFO 92006 --- [main] o.s.web.context.ContextLoader            : Root WebApplicationContext: initialization completed in 1623 ms
2020-03-17 08:43:03.694  INFO 92006 --- [main] org.eclipse.jetty.server.session         : DefaultSessionIdManager workerName=node0
2020-03-17 08:43:03.695  INFO 92006 --- [main] org.eclipse.jetty.server.session         : No SessionScavenger set, using defaults
2020-03-17 08:43:03.697  INFO 92006 --- [main] org.eclipse.jetty.server.session         : node0 Scavenging every 660000ms
2020-03-17 08:43:03.708  INFO 92006 --- [main] o.e.jetty.server.handler.ContextHandler  : Started o.s.b.w.e.j.JettyEmbeddedWebAppContext@212b5695{application,/,[file:///private/var/folders/hk/zfh6hgh50vjflwsrwtw2x30r0000gn/T/jetty-docbase.9105160060521137034.2500/, jar:file:/Users/harsmand/Desktop/MyWork/SpringBootH2/spring-boot-project-with-h2-db/target/spring-boot-project-with-h2-db-0.0.1.jar!/BOOT-INF/lib/springfox-swagger-ui-2.9.2.jar!/META-INF/resources],AVAILABLE}
2020-03-17 08:43:03.709  INFO 92006 --- [main] org.eclipse.jetty.server.Server          : Started @2817ms
2020-03-17 08:43:03.852  INFO 92006 --- [main] com.zaxxer.hikari.HikariDataSource       : HikariPool-1 - Starting...
2020-03-17 08:43:04.190  INFO 92006 --- [main] com.zaxxer.hikari.HikariDataSource       : HikariPool-1 - Start completed.
2020-03-17 08:43:04.260  INFO 92006 --- [main] o.hibernate.jpa.internal.util.LogHelper  : HHH000204: Processing PersistenceUnitInfo [
	name: default
	...]
2020-03-17 08:43:04.370  INFO 92006 --- [main] org.hibernate.Version                    : HHH000412: Hibernate Core {5.3.11.Final}
2020-03-17 08:43:04.373  INFO 92006 --- [main] org.hibernate.cfg.Environment            : HHH000206: hibernate.properties not found
2020-03-17 08:43:04.626  INFO 92006 --- [main] o.hibernate.annotations.common.Version   : HCANN000001: Hibernate Commons Annotations {5.0.4.Final}
2020-03-17 08:43:04.881  INFO 92006 --- [main] org.hibernate.dialect.Dialect            : HHH000400: Using dialect: org.hibernate.dialect.H2Dialect
2020-03-17 08:43:05.551  INFO 92006 --- [main] j.LocalContainerEntityManagerFactoryBean : Initialized JPA EntityManagerFactory for persistence unit 'default'
2020-03-17 08:43:06.171  WARN 92006 --- [main] aWebConfiguration$JpaWebMvcConfiguration : spring.jpa.open-in-view is enabled by default. Therefore, database queries may be performed during view rendering. Explicitly configure spring.jpa.open-in-view to disable this warning
2020-03-17 08:43:06.362  INFO 92006 --- [main] pertySourcedRequestMappingHandlerMapping : Mapped URL path [/v2/api-docs] onto method [public org.springframework.http.ResponseEntity<springfox.documentation.spring.web.json.Json> springfox.documentation.swagger2.web.Swagger2Controller.getDocumentation(java.lang.String,javax.servlet.http.HttpServletRequest)]
2020-03-17 08:43:06.573  INFO 92006 --- [main] o.s.s.concurrent.ThreadPoolTaskExecutor  : Initializing ExecutorService 'applicationTaskExecutor'
2020-03-17 08:43:07.035  INFO 92006 --- [main] d.s.w.p.DocumentationPluginsBootstrapper : Context refreshed
2020-03-17 08:43:07.068  INFO 92006 --- [main] d.s.w.p.DocumentationPluginsBootstrapper : Found 1 custom documentation plugin(s)
2020-03-17 08:43:07.108  INFO 92006 --- [main] s.d.s.w.s.ApiListingReferenceScanner     : Scanning for api listing references
2020-03-17 08:43:07.298  INFO 92006 --- [main] o.e.j.s.h.ContextHandler.application     : Initializing Spring DispatcherServlet 'dispatcherServlet'
2020-03-17 08:43:07.298  INFO 92006 --- [main] o.s.web.servlet.DispatcherServlet        : Initializing Servlet 'dispatcherServlet'
2020-03-17 08:43:07.310  INFO 92006 --- [main] o.s.web.servlet.DispatcherServlet        : Completed initialization in 11 ms
2020-03-17 08:43:07.351  INFO 92006 --- [main] o.e.jetty.server.AbstractConnector       : Started ServerConnector@4a668b6e{HTTP/1.1,[http/1.1]}{0.0.0.0:2500}
2020-03-17 08:43:07.353  INFO 92006 --- [main] o.s.b.web.embedded.jetty.JettyWebServer  : Jetty started on port(s) 2500 (http/1.1) with context path '/'
2020-03-17 08:43:07.355  INFO 92006 --- [main] c.s.h.i.d.application.SpringApplication  : Started SpringApplication in 6.055 seconds (JVM running for 6.463)
2020-03-17 08:43:07.358 DEBUG 92006 --- [main] c.s.h.i.d.application.SpringApplication  : main method ended
2020-03-17 08:45:12.523 DEBUG 92006 --- [qtp1016363973-19] c.s.h.i.d.a.controller.EmployeeResource  : getAllEmployees method started
2020-03-17 08:45:12.543 DEBUG 92006 --- [qtp1016363973-19] c.s.h.i.d.a.s.impl.EmployeeServiceImpl   : getAllEmployees method started
2020-03-17 08:45:12.591  INFO 92006 --- [qtp1016363973-19] o.h.h.i.QueryTranslatorFactoryInitiator  : HHH000397: Using ASTQueryTranslatorFactory
2020-03-17 08:46:09.684  INFO 92006 --- [Thread-12] o.s.s.concurrent.ThreadPoolTaskExecutor  : Shutting down ExecutorService 'applicationTaskExecutor'
2020-03-17 08:46:09.687  INFO 92006 --- [Thread-12] j.LocalContainerEntityManagerFactoryBean : Closing JPA EntityManagerFactory for persistence unit 'default'
2020-03-17 08:46:09.689  INFO 92006 --- [Thread-12] com.zaxxer.hikari.HikariDataSource       : HikariPool-1 - Shutdown initiated...
2020-03-17 08:46:09.693  INFO 92006 --- [Thread-12] com.zaxxer.hikari.HikariDataSource       : HikariPool-1 - Shutdown completed.
2020-03-17 08:46:09.703  INFO 92006 --- [Thread-12] o.e.jetty.server.AbstractConnector       : Stopped ServerConnector@4a668b6e{HTTP/1.1,[http/1.1]}{0.0.0.0:2500}
2020-03-17 08:46:09.703  INFO 92006 --- [Thread-12] org.eclipse.jetty.server.session         : node0 Stopped scavenging
2020-03-17 08:46:09.705  INFO 92006 --- [Thread-12] o.e.j.s.h.ContextHandler.application     : Destroying Spring FrameworkServlet 'dispatcherServlet'
2020-03-17 08:46:09.706  INFO 92006 --- [Thread-12] o.e.jetty.server.handler.ContextHandler  : Stopped o.s.b.w.e.j.JettyEmbeddedWebAppContext@212b5695{application,/,[file:///private/var/folders/hk/zfh6hgh50vjflwsrwtw2x30r0000gn/T/jetty-docbase.9105160060521137034.2500/, jar:file:/Users/harsmand/Desktop/MyWork/SpringBootH2/spring-boot-project-with-h2-db/target/spring-boot-project-with-h2-db-0.0.1.jar!/BOOT-INF/lib/springfox-swagger-ui-2.9.2.jar!/META-INF/resources],UNAVAILABLE}
2020-03-17 08:46:16.515  INFO 92081 --- [main] c.s.h.i.d.a.EmployeeResourceTest         : Starting EmployeeResourceTest on C02VD7P0HTD6.local with PID 92081 (started by harsmand in /Users/harsmand/Desktop/MyWork/SpringBootH2/spring-boot-project-with-h2-db)
2020-03-17 08:46:16.516 DEBUG 92081 --- [main] c.s.h.i.d.a.EmployeeResourceTest         : Running with Spring Boot v2.1.8.RELEASE, Spring v5.1.9.RELEASE
2020-03-17 08:46:16.517  INFO 92081 --- [main] c.s.h.i.d.a.EmployeeResourceTest         : No active profile set, falling back to default profiles: default
2020-03-17 08:46:17.311  INFO 92081 --- [main] .s.d.r.c.RepositoryConfigurationDelegate : Bootstrapping Spring Data repositories in DEFAULT mode.
2020-03-17 08:46:17.378  INFO 92081 --- [main] .s.d.r.c.RepositoryConfigurationDelegate : Finished Spring Data repository scanning in 59ms. Found 1 repository interfaces.
2020-03-17 08:46:17.734  INFO 92081 --- [main] trationDelegate$BeanPostProcessorChecker : Bean 'org.springframework.transaction.annotation.ProxyTransactionManagementConfiguration' of type [org.springframework.transaction.annotation.ProxyTransactionManagementConfiguration$$EnhancerBySpringCGLIB$$284f7d90] is not eligible for getting processed by all BeanPostProcessors (for example: not eligible for auto-proxying)
2020-03-17 08:46:17.937  INFO 92081 --- [main] com.zaxxer.hikari.HikariDataSource       : HikariPool-1 - Starting...
2020-03-17 08:46:18.125  INFO 92081 --- [main] com.zaxxer.hikari.HikariDataSource       : HikariPool-1 - Start completed.
2020-03-17 08:46:18.238  INFO 92081 --- [main] o.hibernate.jpa.internal.util.LogHelper  : HHH000204: Processing PersistenceUnitInfo [
	name: default
	...]
2020-03-17 08:46:18.292  INFO 92081 --- [main] org.hibernate.Version                    : HHH000412: Hibernate Core {5.3.11.Final}
2020-03-17 08:46:18.293  INFO 92081 --- [main] org.hibernate.cfg.Environment            : HHH000206: hibernate.properties not found
2020-03-17 08:46:18.401  INFO 92081 --- [main] o.hibernate.annotations.common.Version   : HCANN000001: Hibernate Commons Annotations {5.0.4.Final}
2020-03-17 08:46:18.514  INFO 92081 --- [main] org.hibernate.dialect.Dialect            : HHH000400: Using dialect: org.hibernate.dialect.H2Dialect
2020-03-17 08:46:19.168  INFO 92081 --- [main] j.LocalContainerEntityManagerFactoryBean : Initialized JPA EntityManagerFactory for persistence unit 'default'
2020-03-17 08:46:19.797  WARN 92081 --- [main] aWebConfiguration$JpaWebMvcConfiguration : spring.jpa.open-in-view is enabled by default. Therefore, database queries may be performed during view rendering. Explicitly configure spring.jpa.open-in-view to disable this warning
2020-03-17 08:46:20.054  INFO 92081 --- [main] pertySourcedRequestMappingHandlerMapping : Mapped URL path [/v2/api-docs] onto method [public org.springframework.http.ResponseEntity<springfox.documentation.spring.web.json.Json> springfox.documentation.swagger2.web.Swagger2Controller.getDocumentation(java.lang.String,javax.servlet.http.HttpServletRequest)]
2020-03-17 08:46:20.414  INFO 92081 --- [main] o.s.s.concurrent.ThreadPoolTaskExecutor  : Initializing ExecutorService 'applicationTaskExecutor'
2020-03-17 08:46:20.731  INFO 92081 --- [main] d.s.w.p.DocumentationPluginsBootstrapper : Context refreshed
2020-03-17 08:46:20.758  INFO 92081 --- [main] d.s.w.p.DocumentationPluginsBootstrapper : Found 1 custom documentation plugin(s)
2020-03-17 08:46:20.796  INFO 92081 --- [main] s.d.s.w.s.ApiListingReferenceScanner     : Scanning for api listing references
2020-03-17 08:46:21.108  INFO 92081 --- [main] c.s.h.i.d.a.EmployeeResourceTest         : Started EmployeeResourceTest in 4.833 seconds (JVM running for 5.404)
2020-03-17 08:46:21.146  INFO 92081 --- [main] o.s.t.c.transaction.TransactionContext   : Began transaction (1) for test context [DefaultTestContext@32eff876 testClass = EmployeeResourceTest, testInstance = com.springboot.h2.inmemory.db.application.EmployeeResourceTest@1d5048d1, testMethod = testCreateEmployee@EmployeeResourceTest, testException = [null], mergedContextConfiguration = [WebMergedContextConfiguration@8dbdac1 testClass = EmployeeResourceTest, locations = '{}', classes = '{class com.springboot.h2.inmemory.db.application.SpringApplication, class com.springboot.h2.inmemory.db.application.SpringApplication}', contextInitializerClasses = '[]', activeProfiles = '{}', propertySourceLocations = '{}', propertySourceProperties = '{org.springframework.boot.test.context.SpringBootTestContextBootstrapper=true}', contextCustomizers = set[org.springframework.boot.test.context.filter.ExcludeFilterContextCustomizer@4a87761d, org.springframework.boot.test.json.DuplicateJsonObjectContextCustomizerFactory$DuplicateJsonObjectContextCustomizer@37374a5e, org.springframework.boot.test.mock.mockito.MockitoContextCustomizer@0, org.springframework.boot.test.web.client.TestRestTemplateContextCustomizer@2a70a3d8, org.springframework.boot.test.autoconfigure.properties.PropertyMappingContextCustomizer@0, org.springframework.boot.test.autoconfigure.web.servlet.WebDriverContextCustomizerFactory$Customizer@704d6e83], resourceBasePath = 'src/main/webapp', contextLoader = 'org.springframework.boot.test.context.SpringBootContextLoader', parent = [null]], attributes = map['org.springframework.test.context.web.ServletTestExecutionListener.activateListener' -> true, 'org.springframework.test.context.web.ServletTestExecutionListener.populatedRequestContextHolder' -> true, 'org.springframework.test.context.web.ServletTestExecutionListener.resetRequestContextHolder' -> true]]; transaction manager [org.springframework.orm.jpa.JpaTransactionManager@6fe2a366]; rollback [true]
2020-03-17 08:46:21.228  INFO 92081 --- [main] o.s.mock.web.MockServletContext          : Initializing Spring TestDispatcherServlet ''
2020-03-17 08:46:21.228  INFO 92081 --- [main] o.s.t.web.servlet.TestDispatcherServlet  : Initializing Servlet ''
2020-03-17 08:46:21.229  INFO 92081 --- [main] o.s.t.web.servlet.TestDispatcherServlet  : Completed initialization in 1 ms
2020-03-17 08:46:21.277  INFO 92081 --- [main] o.h.h.i.QueryTranslatorFactoryInitiator  : HHH000397: Using ASTQueryTranslatorFactory
2020-03-17 08:46:21.528 DEBUG 92081 --- [main] c.s.h.i.d.a.controller.EmployeeResource  : createOrUpdateEmployee method started Employee{id=0, firstName='Herald', lastName='Johnson', email='herald.johnson@gmail.com'}
2020-03-17 08:46:21.537 DEBUG 92081 --- [main] c.s.h.i.d.a.s.impl.EmployeeServiceImpl   : createOrUpdateEmployee method started Employee{id=0, firstName='Herald', lastName='Johnson', email='herald.johnson@gmail.com'}
2020-03-17 08:46:21.543 DEBUG 92081 --- [main] c.s.h.i.d.a.s.impl.EmployeeServiceImpl   : save the record
2020-03-17 08:46:21.673  INFO 92081 --- [main] o.s.t.c.transaction.TransactionContext   : Rolled back transaction for test: [DefaultTestContext@32eff876 testClass = EmployeeResourceTest, testInstance = com.springboot.h2.inmemory.db.application.EmployeeResourceTest@1d5048d1, testMethod = testCreateEmployee@EmployeeResourceTest, testException = [null], mergedContextConfiguration = [WebMergedContextConfiguration@8dbdac1 testClass = EmployeeResourceTest, locations = '{}', classes = '{class com.springboot.h2.inmemory.db.application.SpringApplication, class com.springboot.h2.inmemory.db.application.SpringApplication}', contextInitializerClasses = '[]', activeProfiles = '{}', propertySourceLocations = '{}', propertySourceProperties = '{org.springframework.boot.test.context.SpringBootTestContextBootstrapper=true}', contextCustomizers = set[org.springframework.boot.test.context.filter.ExcludeFilterContextCustomizer@4a87761d, org.springframework.boot.test.json.DuplicateJsonObjectContextCustomizerFactory$DuplicateJsonObjectContextCustomizer@37374a5e, org.springframework.boot.test.mock.mockito.MockitoContextCustomizer@0, org.springframework.boot.test.web.client.TestRestTemplateContextCustomizer@2a70a3d8, org.springframework.boot.test.autoconfigure.properties.PropertyMappingContextCustomizer@0, org.springframework.boot.test.autoconfigure.web.servlet.WebDriverContextCustomizerFactory$Customizer@704d6e83], resourceBasePath = 'src/main/webapp', contextLoader = 'org.springframework.boot.test.context.SpringBootContextLoader', parent = [null]], attributes = map['org.springframework.test.context.web.ServletTestExecutionListener.activateListener' -> true, 'org.springframework.test.context.web.ServletTestExecutionListener.populatedRequestContextHolder' -> true, 'org.springframework.test.context.web.ServletTestExecutionListener.resetRequestContextHolder' -> true]]
2020-03-17 08:46:21.676  INFO 92081 --- [main] o.s.t.c.transaction.TransactionContext   : Began transaction (1) for test context [DefaultTestContext@32eff876 testClass = EmployeeResourceTest, testInstance = com.springboot.h2.inmemory.db.application.EmployeeResourceTest@43cbafa6, testMethod = testDeleteEmployee@EmployeeResourceTest, testException = [null], mergedContextConfiguration = [WebMergedContextConfiguration@8dbdac1 testClass = EmployeeResourceTest, locations = '{}', classes = '{class com.springboot.h2.inmemory.db.application.SpringApplication, class com.springboot.h2.inmemory.db.application.SpringApplication}', contextInitializerClasses = '[]', activeProfiles = '{}', propertySourceLocations = '{}', propertySourceProperties = '{org.springframework.boot.test.context.SpringBootTestContextBootstrapper=true}', contextCustomizers = set[org.springframework.boot.test.context.filter.ExcludeFilterContextCustomizer@4a87761d, org.springframework.boot.test.json.DuplicateJsonObjectContextCustomizerFactory$DuplicateJsonObjectContextCustomizer@37374a5e, org.springframework.boot.test.mock.mockito.MockitoContextCustomizer@0, org.springframework.boot.test.web.client.TestRestTemplateContextCustomizer@2a70a3d8, org.springframework.boot.test.autoconfigure.properties.PropertyMappingContextCustomizer@0, org.springframework.boot.test.autoconfigure.web.servlet.WebDriverContextCustomizerFactory$Customizer@704d6e83], resourceBasePath = 'src/main/webapp', contextLoader = 'org.springframework.boot.test.context.SpringBootContextLoader', parent = [null]], attributes = map['org.springframework.test.context.web.ServletTestExecutionListener.activateListener' -> true, 'org.springframework.test.context.web.ServletTestExecutionListener.populatedRequestContextHolder' -> true, 'org.springframework.test.context.web.ServletTestExecutionListener.resetRequestContextHolder' -> true]]; transaction manager [org.springframework.orm.jpa.JpaTransactionManager@6fe2a366]; rollback [true]
2020-03-17 08:46:21.691  INFO 92081 --- [main] o.s.mock.web.MockServletContext          : Initializing Spring TestDispatcherServlet ''
2020-03-17 08:46:21.691  INFO 92081 --- [main] o.s.t.web.servlet.TestDispatcherServlet  : Initializing Servlet ''
2020-03-17 08:46:21.692  INFO 92081 --- [main] o.s.t.web.servlet.TestDispatcherServlet  : Completed initialization in 1 ms
2020-03-17 08:46:21.699 DEBUG 92081 --- [main] c.s.h.i.d.a.controller.EmployeeResource  : deleteEmployeeById method started 57
2020-03-17 08:46:21.700 DEBUG 92081 --- [main] c.s.h.i.d.a.s.impl.EmployeeServiceImpl   : deleteEmployeeById method started 57
2020-03-17 08:46:21.724  INFO 92081 --- [main] o.s.t.c.transaction.TransactionContext   : Rolled back transaction for test: [DefaultTestContext@32eff876 testClass = EmployeeResourceTest, testInstance = com.springboot.h2.inmemory.db.application.EmployeeResourceTest@43cbafa6, testMethod = testDeleteEmployee@EmployeeResourceTest, testException = [null], mergedContextConfiguration = [WebMergedContextConfiguration@8dbdac1 testClass = EmployeeResourceTest, locations = '{}', classes = '{class com.springboot.h2.inmemory.db.application.SpringApplication, class com.springboot.h2.inmemory.db.application.SpringApplication}', contextInitializerClasses = '[]', activeProfiles = '{}', propertySourceLocations = '{}', propertySourceProperties = '{org.springframework.boot.test.context.SpringBootTestContextBootstrapper=true}', contextCustomizers = set[org.springframework.boot.test.context.filter.ExcludeFilterContextCustomizer@4a87761d, org.springframework.boot.test.json.DuplicateJsonObjectContextCustomizerFactory$DuplicateJsonObjectContextCustomizer@37374a5e, org.springframework.boot.test.mock.mockito.MockitoContextCustomizer@0, org.springframework.boot.test.web.client.TestRestTemplateContextCustomizer@2a70a3d8, org.springframework.boot.test.autoconfigure.properties.PropertyMappingContextCustomizer@0, org.springframework.boot.test.autoconfigure.web.servlet.WebDriverContextCustomizerFactory$Customizer@704d6e83], resourceBasePath = 'src/main/webapp', contextLoader = 'org.springframework.boot.test.context.SpringBootContextLoader', parent = [null]], attributes = map['org.springframework.test.context.web.ServletTestExecutionListener.activateListener' -> true, 'org.springframework.test.context.web.ServletTestExecutionListener.populatedRequestContextHolder' -> true, 'org.springframework.test.context.web.ServletTestExecutionListener.resetRequestContextHolder' -> true]]
2020-03-17 08:46:21.726  INFO 92081 --- [main] o.s.t.c.transaction.TransactionContext   : Began transaction (1) for test context [DefaultTestContext@32eff876 testClass = EmployeeResourceTest, testInstance = com.springboot.h2.inmemory.db.application.EmployeeResourceTest@3831f4c2, testMethod = testGetEmployee@EmployeeResourceTest, testException = [null], mergedContextConfiguration = [WebMergedContextConfiguration@8dbdac1 testClass = EmployeeResourceTest, locations = '{}', classes = '{class com.springboot.h2.inmemory.db.application.SpringApplication, class com.springboot.h2.inmemory.db.application.SpringApplication}', contextInitializerClasses = '[]', activeProfiles = '{}', propertySourceLocations = '{}', propertySourceProperties = '{org.springframework.boot.test.context.SpringBootTestContextBootstrapper=true}', contextCustomizers = set[org.springframework.boot.test.context.filter.ExcludeFilterContextCustomizer@4a87761d, org.springframework.boot.test.json.DuplicateJsonObjectContextCustomizerFactory$DuplicateJsonObjectContextCustomizer@37374a5e, org.springframework.boot.test.mock.mockito.MockitoContextCustomizer@0, org.springframework.boot.test.web.client.TestRestTemplateContextCustomizer@2a70a3d8, org.springframework.boot.test.autoconfigure.properties.PropertyMappingContextCustomizer@0, org.springframework.boot.test.autoconfigure.web.servlet.WebDriverContextCustomizerFactory$Customizer@704d6e83], resourceBasePath = 'src/main/webapp', contextLoader = 'org.springframework.boot.test.context.SpringBootContextLoader', parent = [null]], attributes = map['org.springframework.test.context.web.ServletTestExecutionListener.activateListener' -> true, 'org.springframework.test.context.web.ServletTestExecutionListener.populatedRequestContextHolder' -> true, 'org.springframework.test.context.web.ServletTestExecutionListener.resetRequestContextHolder' -> true]]; transaction manager [org.springframework.orm.jpa.JpaTransactionManager@6fe2a366]; rollback [true]
2020-03-17 08:46:21.741  INFO 92081 --- [main] o.s.mock.web.MockServletContext          : Initializing Spring TestDispatcherServlet ''
2020-03-17 08:46:21.742  INFO 92081 --- [main] o.s.t.web.servlet.TestDispatcherServlet  : Initializing Servlet ''
2020-03-17 08:46:21.742  INFO 92081 --- [main] o.s.t.web.servlet.TestDispatcherServlet  : Completed initialization in 0 ms
2020-03-17 08:46:21.747 DEBUG 92081 --- [main] c.s.h.i.d.a.controller.EmployeeResource  : getEmployeeById method started 58
2020-03-17 08:46:21.748 DEBUG 92081 --- [main] c.s.h.i.d.a.s.impl.EmployeeServiceImpl   : getEmployeeById method started 58
2020-03-17 08:46:21.771  INFO 92081 --- [main] o.s.t.c.transaction.TransactionContext   : Rolled back transaction for test: [DefaultTestContext@32eff876 testClass = EmployeeResourceTest, testInstance = com.springboot.h2.inmemory.db.application.EmployeeResourceTest@3831f4c2, testMethod = testGetEmployee@EmployeeResourceTest, testException = [null], mergedContextConfiguration = [WebMergedContextConfiguration@8dbdac1 testClass = EmployeeResourceTest, locations = '{}', classes = '{class com.springboot.h2.inmemory.db.application.SpringApplication, class com.springboot.h2.inmemory.db.application.SpringApplication}', contextInitializerClasses = '[]', activeProfiles = '{}', propertySourceLocations = '{}', propertySourceProperties = '{org.springframework.boot.test.context.SpringBootTestContextBootstrapper=true}', contextCustomizers = set[org.springframework.boot.test.context.filter.ExcludeFilterContextCustomizer@4a87761d, org.springframework.boot.test.json.DuplicateJsonObjectContextCustomizerFactory$DuplicateJsonObjectContextCustomizer@37374a5e, org.springframework.boot.test.mock.mockito.MockitoContextCustomizer@0, org.springframework.boot.test.web.client.TestRestTemplateContextCustomizer@2a70a3d8, org.springframework.boot.test.autoconfigure.properties.PropertyMappingContextCustomizer@0, org.springframework.boot.test.autoconfigure.web.servlet.WebDriverContextCustomizerFactory$Customizer@704d6e83], resourceBasePath = 'src/main/webapp', contextLoader = 'org.springframework.boot.test.context.SpringBootContextLoader', parent = [null]], attributes = map['org.springframework.test.context.web.ServletTestExecutionListener.activateListener' -> true, 'org.springframework.test.context.web.ServletTestExecutionListener.populatedRequestContextHolder' -> true, 'org.springframework.test.context.web.ServletTestExecutionListener.resetRequestContextHolder' -> true]]
2020-03-17 08:46:21.821  INFO 92081 --- [Thread-4] o.s.s.concurrent.ThreadPoolTaskExecutor  : Shutting down ExecutorService 'applicationTaskExecutor'
2020-03-17 08:46:21.827  INFO 92081 --- [Thread-4] j.LocalContainerEntityManagerFactoryBean : Closing JPA EntityManagerFactory for persistence unit 'default'
2020-03-17 08:46:21.831  INFO 92081 --- [Thread-4] com.zaxxer.hikari.HikariDataSource       : HikariPool-1 - Shutdown initiated...
2020-03-17 08:46:21.833  INFO 92081 --- [Thread-4] com.zaxxer.hikari.HikariDataSource       : HikariPool-1 - Shutdown completed.
2020-03-17 08:46:26.959  INFO 92136 --- [main] c.s.h.i.d.application.SpringApplication  : Starting SpringApplication v0.0.1 on C02VD7P0HTD6.local with PID 92136 (/Users/harsmand/Desktop/MyWork/SpringBootH2/spring-boot-project-with-h2-db/target/spring-boot-project-with-h2-db-0.0.1.jar started by harsmand in /Users/harsmand/Desktop/MyWork/SpringBootH2/spring-boot-project-with-h2-db)
2020-03-17 08:46:26.960 DEBUG 92136 --- [main] c.s.h.i.d.application.SpringApplication  : Running with Spring Boot v2.1.8.RELEASE, Spring v5.1.9.RELEASE
2020-03-17 08:46:26.960  INFO 92136 --- [main] c.s.h.i.d.application.SpringApplication  : No active profile set, falling back to default profiles: default
2020-03-17 08:46:27.939  INFO 92136 --- [main] .s.d.r.c.RepositoryConfigurationDelegate : Bootstrapping Spring Data repositories in DEFAULT mode.
2020-03-17 08:46:28.022  INFO 92136 --- [main] .s.d.r.c.RepositoryConfigurationDelegate : Finished Spring Data repository scanning in 71ms. Found 1 repository interfaces.
2020-03-17 08:46:28.372  INFO 92136 --- [main] trationDelegate$BeanPostProcessorChecker : Bean 'org.springframework.transaction.annotation.ProxyTransactionManagementConfiguration' of type [org.springframework.transaction.annotation.ProxyTransactionManagementConfiguration$$EnhancerBySpringCGLIB$$ba2dbd0a] is not eligible for getting processed by all BeanPostProcessors (for example: not eligible for auto-proxying)
2020-03-17 08:46:28.564  INFO 92136 --- [main] org.eclipse.jetty.util.log               : Logging initialized @2492ms to org.eclipse.jetty.util.log.Slf4jLog
2020-03-17 08:46:28.673  INFO 92136 --- [main] o.s.b.w.e.j.JettyServletWebServerFactory : Server initialized with port: 2500
2020-03-17 08:46:28.676  INFO 92136 --- [main] org.eclipse.jetty.server.Server          : jetty-9.4.19.v20190610; built: 2019-06-10T16:30:51.723Z; git: afcf563148970e98786327af5e07c261fda175d3; jvm 1.8.0_232-b09
2020-03-17 08:46:28.710  INFO 92136 --- [main] o.e.j.s.h.ContextHandler.application     : Initializing Spring embedded WebApplicationContext
2020-03-17 08:46:28.710  INFO 92136 --- [main] o.s.web.context.ContextLoader            : Root WebApplicationContext: initialization completed in 1710 ms
2020-03-17 08:46:28.885  INFO 92136 --- [main] org.eclipse.jetty.server.session         : DefaultSessionIdManager workerName=node0
2020-03-17 08:46:28.885  INFO 92136 --- [main] org.eclipse.jetty.server.session         : No SessionScavenger set, using defaults
2020-03-17 08:46:28.887  INFO 92136 --- [main] org.eclipse.jetty.server.session         : node0 Scavenging every 660000ms
2020-03-17 08:46:28.897  INFO 92136 --- [main] o.e.jetty.server.handler.ContextHandler  : Started o.s.b.w.e.j.JettyEmbeddedWebAppContext@73700b80{application,/,[file:///private/var/folders/hk/zfh6hgh50vjflwsrwtw2x30r0000gn/T/jetty-docbase.8116839588337750718.2500/, jar:file:/Users/harsmand/Desktop/MyWork/SpringBootH2/spring-boot-project-with-h2-db/target/spring-boot-project-with-h2-db-0.0.1.jar!/BOOT-INF/lib/springfox-swagger-ui-2.9.2.jar!/META-INF/resources],AVAILABLE}
2020-03-17 08:46:28.898  INFO 92136 --- [main] org.eclipse.jetty.server.Server          : Started @2827ms
2020-03-17 08:46:29.020  INFO 92136 --- [main] com.zaxxer.hikari.HikariDataSource       : HikariPool-1 - Starting...
2020-03-17 08:46:29.304  INFO 92136 --- [main] com.zaxxer.hikari.HikariDataSource       : HikariPool-1 - Start completed.
2020-03-17 08:46:29.356  INFO 92136 --- [main] o.hibernate.jpa.internal.util.LogHelper  : HHH000204: Processing PersistenceUnitInfo [
	name: default
	...]
2020-03-17 08:46:29.425  INFO 92136 --- [main] org.hibernate.Version                    : HHH000412: Hibernate Core {5.3.11.Final}
2020-03-17 08:46:29.426  INFO 92136 --- [main] org.hibernate.cfg.Environment            : HHH000206: hibernate.properties not found
2020-03-17 08:46:29.578  INFO 92136 --- [main] o.hibernate.annotations.common.Version   : HCANN000001: Hibernate Commons Annotations {5.0.4.Final}
2020-03-17 08:46:29.827  INFO 92136 --- [main] org.hibernate.dialect.Dialect            : HHH000400: Using dialect: org.hibernate.dialect.H2Dialect
2020-03-17 08:46:30.423  INFO 92136 --- [main] j.LocalContainerEntityManagerFactoryBean : Initialized JPA EntityManagerFactory for persistence unit 'default'
2020-03-17 08:46:31.003  WARN 92136 --- [main] aWebConfiguration$JpaWebMvcConfiguration : spring.jpa.open-in-view is enabled by default. Therefore, database queries may be performed during view rendering. Explicitly configure spring.jpa.open-in-view to disable this warning
2020-03-17 08:46:31.168  INFO 92136 --- [main] pertySourcedRequestMappingHandlerMapping : Mapped URL path [/v2/api-docs] onto method [public org.springframework.http.ResponseEntity<springfox.documentation.spring.web.json.Json> springfox.documentation.swagger2.web.Swagger2Controller.getDocumentation(java.lang.String,javax.servlet.http.HttpServletRequest)]
2020-03-17 08:46:31.358  INFO 92136 --- [main] o.s.s.concurrent.ThreadPoolTaskExecutor  : Initializing ExecutorService 'applicationTaskExecutor'
2020-03-17 08:46:31.823  INFO 92136 --- [main] d.s.w.p.DocumentationPluginsBootstrapper : Context refreshed
2020-03-17 08:46:31.862  INFO 92136 --- [main] d.s.w.p.DocumentationPluginsBootstrapper : Found 1 custom documentation plugin(s)
2020-03-17 08:46:31.895  INFO 92136 --- [main] s.d.s.w.s.ApiListingReferenceScanner     : Scanning for api listing references
2020-03-17 08:46:32.057  INFO 92136 --- [main] o.e.j.s.h.ContextHandler.application     : Initializing Spring DispatcherServlet 'dispatcherServlet'
2020-03-17 08:46:32.058  INFO 92136 --- [main] o.s.web.servlet.DispatcherServlet        : Initializing Servlet 'dispatcherServlet'
2020-03-17 08:46:32.068  INFO 92136 --- [main] o.s.web.servlet.DispatcherServlet        : Completed initialization in 10 ms
2020-03-17 08:46:32.102  INFO 92136 --- [main] o.e.jetty.server.AbstractConnector       : Started ServerConnector@2177849e{HTTP/1.1,[http/1.1]}{0.0.0.0:2500}
2020-03-17 08:46:32.104  INFO 92136 --- [main] o.s.b.web.embedded.jetty.JettyWebServer  : Jetty started on port(s) 2500 (http/1.1) with context path '/'
2020-03-17 08:46:32.107  INFO 92136 --- [main] c.s.h.i.d.application.SpringApplication  : Started SpringApplication in 5.59 seconds (JVM running for 6.035)
2020-03-17 08:46:32.109 DEBUG 92136 --- [main] c.s.h.i.d.application.SpringApplication  : main method ended
2020-03-17 08:58:32.913  INFO 92136 --- [Thread-12] o.s.s.concurrent.ThreadPoolTaskExecutor  : Shutting down ExecutorService 'applicationTaskExecutor'
2020-03-17 08:58:32.922  INFO 92136 --- [Thread-12] j.LocalContainerEntityManagerFactoryBean : Closing JPA EntityManagerFactory for persistence unit 'default'
2020-03-17 08:58:32.925  INFO 92136 --- [Thread-12] com.zaxxer.hikari.HikariDataSource       : HikariPool-1 - Shutdown initiated...
2020-03-17 08:58:32.928  INFO 92136 --- [Thread-12] com.zaxxer.hikari.HikariDataSource       : HikariPool-1 - Shutdown completed.
2020-03-17 08:58:32.934  INFO 92136 --- [Thread-12] o.e.jetty.server.AbstractConnector       : Stopped ServerConnector@2177849e{HTTP/1.1,[http/1.1]}{0.0.0.0:2500}
2020-03-17 08:58:32.934  INFO 92136 --- [Thread-12] org.eclipse.jetty.server.session         : node0 Stopped scavenging
2020-03-17 08:58:32.936  INFO 92136 --- [Thread-12] o.e.j.s.h.ContextHandler.application     : Destroying Spring FrameworkServlet 'dispatcherServlet'
2020-03-17 08:58:32.937  INFO 92136 --- [Thread-12] o.e.jetty.server.handler.ContextHandler  : Stopped o.s.b.w.e.j.JettyEmbeddedWebAppContext@73700b80{application,/,[file:///private/var/folders/hk/zfh6hgh50vjflwsrwtw2x30r0000gn/T/jetty-docbase.8116839588337750718.2500/, jar:file:/Users/harsmand/Desktop/MyWork/SpringBootH2/spring-boot-project-with-h2-db/target/spring-boot-project-with-h2-db-0.0.1.jar!/BOOT-INF/lib/springfox-swagger-ui-2.9.2.jar!/META-INF/resources],UNAVAILABLE}
